<?xml version="1.0" encoding="UTF-8"?>
<!-- Generated by org.testng.reporters.JUnitReportReporter -->
<testsuite hostname="user" name="com.Cogniphi.School.TestSuite.SpotMyFleetSuite" tests="1" failures="0" timestamp="13 Sep 2018 11:52:21 GMT" time="0.009" errors="0">
  <testcase name="TC_001_verifyVehiclesAndTrips" time="0.009" classname="com.Cogniphi.School.TestSuite.SpotMyFleetSuite"/>
</testsuite> <!-- com.Cogniphi.School.TestSuite.SpotMyFleetSuite -->
